Start testing: May 16 00:00 RTZ 2 (çèìà)
----------------------------------------------------------
1/9 Testing: SearcherTest.BaseTest
1/9 Test: SearcherTest.BaseTest
Command: "C:/Users/krasn/Desktop/OP/lab_11/labwork11-squirtleKKS/cmake-build-debug/tests/ttest.exe" "--gtest_filter=SearcherTest.BaseTest" "--gtest_also_run_disabled_tests"
Directory: C:/Users/krasn/Desktop/OP/lab_11/labwork11-squirtleKKS/cmake-build-debug/tests
"SearcherTest.BaseTest" start time: May 16 00:00 RTZ 2 (çèìà)
Output:
----------------------------------------------------------
Running main() from C:/Users/krasn/Desktop/OP/lab_11/labwork11-squirtleKKS/cmake-build-debug/_deps/googletest-src/googletest/src/gtest_main.cc
Note: Google Test filter = SearcherTest.BaseTest
[==========] Running 1 test from 1 test suite.
[----------] Global test environment set-up.
[----------] 1 test from SearcherTest
[ RUN      ] SearcherTest.BaseTest
[       OK ] SearcherTest.BaseTest (3 ms)
[----------] 1 test from SearcherTest (3 ms total)

[----------] Global test environment tear-down
[==========] 1 test from 1 test suite ran. (3 ms total)
[  PASSED  ] 1 test.
<end of output>
Test time =   0.01 sec
----------------------------------------------------------
Test Passed.
"SearcherTest.BaseTest" end time: May 16 00:00 RTZ 2 (çèìà)
"SearcherTest.BaseTest" time elapsed: 00:00:00
----------------------------------------------------------

2/9 Testing: SearcherTest.BracketsTest
2/9 Test: SearcherTest.BracketsTest
Command: "C:/Users/krasn/Desktop/OP/lab_11/labwork11-squirtleKKS/cmake-build-debug/tests/ttest.exe" "--gtest_filter=SearcherTest.BracketsTest" "--gtest_also_run_disabled_tests"
Directory: C:/Users/krasn/Desktop/OP/lab_11/labwork11-squirtleKKS/cmake-build-debug/tests
"SearcherTest.BracketsTest" start time: May 16 00:00 RTZ 2 (çèìà)
Output:
----------------------------------------------------------
Running main() from C:/Users/krasn/Desktop/OP/lab_11/labwork11-squirtleKKS/cmake-build-debug/_deps/googletest-src/googletest/src/gtest_main.cc
Note: Google Test filter = SearcherTest.BracketsTest
[==========] Running 1 test from 1 test suite.
[----------] Global test environment set-up.
[----------] 1 test from SearcherTest
[ RUN      ] SearcherTest.BracketsTest
[       OK ] SearcherTest.BracketsTest (2 ms)
[----------] 1 test from SearcherTest (2 ms total)

[----------] Global test environment tear-down
[==========] 1 test from 1 test suite ran. (2 ms total)
[  PASSED  ] 1 test.
<end of output>
Test time =   0.01 sec
----------------------------------------------------------
Test Passed.
"SearcherTest.BracketsTest" end time: May 16 00:00 RTZ 2 (çèìà)
"SearcherTest.BracketsTest" time elapsed: 00:00:00
----------------------------------------------------------

3/9 Testing: SearcherTest.SingleWordQueryTest
3/9 Test: SearcherTest.SingleWordQueryTest
Command: "C:/Users/krasn/Desktop/OP/lab_11/labwork11-squirtleKKS/cmake-build-debug/tests/ttest.exe" "--gtest_filter=SearcherTest.SingleWordQueryTest" "--gtest_also_run_disabled_tests"
Directory: C:/Users/krasn/Desktop/OP/lab_11/labwork11-squirtleKKS/cmake-build-debug/tests
"SearcherTest.SingleWordQueryTest" start time: May 16 00:00 RTZ 2 (çèìà)
Output:
----------------------------------------------------------
Running main() from C:/Users/krasn/Desktop/OP/lab_11/labwork11-squirtleKKS/cmake-build-debug/_deps/googletest-src/googletest/src/gtest_main.cc
Note: Google Test filter = SearcherTest.SingleWordQueryTest
[==========] Running 1 test from 1 test suite.
[----------] Global test environment set-up.
[----------] 1 test from SearcherTest
[ RUN      ] SearcherTest.SingleWordQueryTest
[       OK ] SearcherTest.SingleWordQueryTest (2 ms)
[----------] 1 test from SearcherTest (2 ms total)

[----------] Global test environment tear-down
[==========] 1 test from 1 test suite ran. (2 ms total)
[  PASSED  ] 1 test.
<end of output>
Test time =   0.01 sec
----------------------------------------------------------
Test Passed.
"SearcherTest.SingleWordQueryTest" end time: May 16 00:00 RTZ 2 (çèìà)
"SearcherTest.SingleWordQueryTest" time elapsed: 00:00:00
----------------------------------------------------------

4/9 Testing: SearcherTest.ComplexQueryTest
4/9 Test: SearcherTest.ComplexQueryTest
Command: "C:/Users/krasn/Desktop/OP/lab_11/labwork11-squirtleKKS/cmake-build-debug/tests/ttest.exe" "--gtest_filter=SearcherTest.ComplexQueryTest" "--gtest_also_run_disabled_tests"
Directory: C:/Users/krasn/Desktop/OP/lab_11/labwork11-squirtleKKS/cmake-build-debug/tests
"SearcherTest.ComplexQueryTest" start time: May 16 00:00 RTZ 2 (çèìà)
Output:
----------------------------------------------------------
Running main() from C:/Users/krasn/Desktop/OP/lab_11/labwork11-squirtleKKS/cmake-build-debug/_deps/googletest-src/googletest/src/gtest_main.cc
Note: Google Test filter = SearcherTest.ComplexQueryTest
[==========] Running 1 test from 1 test suite.
[----------] Global test environment set-up.
[----------] 1 test from SearcherTest
[ RUN      ] SearcherTest.ComplexQueryTest
[       OK ] SearcherTest.ComplexQueryTest (2 ms)
[----------] 1 test from SearcherTest (2 ms total)

[----------] Global test environment tear-down
[==========] 1 test from 1 test suite ran. (2 ms total)
[  PASSED  ] 1 test.
<end of output>
Test time =   0.01 sec
----------------------------------------------------------
Test Passed.
"SearcherTest.ComplexQueryTest" end time: May 16 00:00 RTZ 2 (çèìà)
"SearcherTest.ComplexQueryTest" time elapsed: 00:00:00
----------------------------------------------------------

5/9 Testing: SearcherTest.ComplexQueryWithMultipleOperatorsTest
5/9 Test: SearcherTest.ComplexQueryWithMultipleOperatorsTest
Command: "C:/Users/krasn/Desktop/OP/lab_11/labwork11-squirtleKKS/cmake-build-debug/tests/ttest.exe" "--gtest_filter=SearcherTest.ComplexQueryWithMultipleOperatorsTest" "--gtest_also_run_disabled_tests"
Directory: C:/Users/krasn/Desktop/OP/lab_11/labwork11-squirtleKKS/cmake-build-debug/tests
"SearcherTest.ComplexQueryWithMultipleOperatorsTest" start time: May 16 00:00 RTZ 2 (çèìà)
Output:
----------------------------------------------------------
Running main() from C:/Users/krasn/Desktop/OP/lab_11/labwork11-squirtleKKS/cmake-build-debug/_deps/googletest-src/googletest/src/gtest_main.cc
Note: Google Test filter = SearcherTest.ComplexQueryWithMultipleOperatorsTest
[==========] Running 1 test from 1 test suite.
[----------] Global test environment set-up.
[----------] 1 test from SearcherTest
[ RUN      ] SearcherTest.ComplexQueryWithMultipleOperatorsTest
[       OK ] SearcherTest.ComplexQueryWithMultipleOperatorsTest (3 ms)
[----------] 1 test from SearcherTest (3 ms total)

[----------] Global test environment tear-down
[==========] 1 test from 1 test suite ran. (3 ms total)
[  PASSED  ] 1 test.
<end of output>
Test time =   0.01 sec
----------------------------------------------------------
Test Passed.
"SearcherTest.ComplexQueryWithMultipleOperatorsTest" end time: May 16 00:00 RTZ 2 (çèìà)
"SearcherTest.ComplexQueryWithMultipleOperatorsTest" time elapsed: 00:00:00
----------------------------------------------------------

6/9 Testing: SearcherTest.ComplexQueryWithNestedParenthesesTest
6/9 Test: SearcherTest.ComplexQueryWithNestedParenthesesTest
Command: "C:/Users/krasn/Desktop/OP/lab_11/labwork11-squirtleKKS/cmake-build-debug/tests/ttest.exe" "--gtest_filter=SearcherTest.ComplexQueryWithNestedParenthesesTest" "--gtest_also_run_disabled_tests"
Directory: C:/Users/krasn/Desktop/OP/lab_11/labwork11-squirtleKKS/cmake-build-debug/tests
"SearcherTest.ComplexQueryWithNestedParenthesesTest" start time: May 16 00:00 RTZ 2 (çèìà)
Output:
----------------------------------------------------------
Running main() from C:/Users/krasn/Desktop/OP/lab_11/labwork11-squirtleKKS/cmake-build-debug/_deps/googletest-src/googletest/src/gtest_main.cc
Note: Google Test filter = SearcherTest.ComplexQueryWithNestedParenthesesTest
[==========] Running 1 test from 1 test suite.
[----------] Global test environment set-up.
[----------] 1 test from SearcherTest
[ RUN      ] SearcherTest.ComplexQueryWithNestedParenthesesTest
[       OK ] SearcherTest.ComplexQueryWithNestedParenthesesTest (4 ms)
[----------] 1 test from SearcherTest (4 ms total)

[----------] Global test environment tear-down
[==========] 1 test from 1 test suite ran. (4 ms total)
[  PASSED  ] 1 test.
<end of output>
Test time =   0.01 sec
----------------------------------------------------------
Test Passed.
"SearcherTest.ComplexQueryWithNestedParenthesesTest" end time: May 16 00:00 RTZ 2 (çèìà)
"SearcherTest.ComplexQueryWithNestedParenthesesTest" time elapsed: 00:00:00
----------------------------------------------------------

7/9 Testing: SearcherTest.ComplexQueryWithMultipleWordsTest
7/9 Test: SearcherTest.ComplexQueryWithMultipleWordsTest
Command: "C:/Users/krasn/Desktop/OP/lab_11/labwork11-squirtleKKS/cmake-build-debug/tests/ttest.exe" "--gtest_filter=SearcherTest.ComplexQueryWithMultipleWordsTest" "--gtest_also_run_disabled_tests"
Directory: C:/Users/krasn/Desktop/OP/lab_11/labwork11-squirtleKKS/cmake-build-debug/tests
"SearcherTest.ComplexQueryWithMultipleWordsTest" start time: May 16 00:00 RTZ 2 (çèìà)
Output:
----------------------------------------------------------
Running main() from C:/Users/krasn/Desktop/OP/lab_11/labwork11-squirtleKKS/cmake-build-debug/_deps/googletest-src/googletest/src/gtest_main.cc
Note: Google Test filter = SearcherTest.ComplexQueryWithMultipleWordsTest
[==========] Running 1 test from 1 test suite.
[----------] Global test environment set-up.
[----------] 1 test from SearcherTest
[ RUN      ] SearcherTest.ComplexQueryWithMultipleWordsTest
[       OK ] SearcherTest.ComplexQueryWithMultipleWordsTest (2 ms)
[----------] 1 test from SearcherTest (2 ms total)

[----------] Global test environment tear-down
[==========] 1 test from 1 test suite ran. (2 ms total)
[  PASSED  ] 1 test.
<end of output>
Test time =   0.01 sec
----------------------------------------------------------
Test Passed.
"SearcherTest.ComplexQueryWithMultipleWordsTest" end time: May 16 00:00 RTZ 2 (çèìà)
"SearcherTest.ComplexQueryWithMultipleWordsTest" time elapsed: 00:00:00
----------------------------------------------------------

8/9 Testing: SearcherTest.ComplexQueryWithMultipleOccurrencesTest
8/9 Test: SearcherTest.ComplexQueryWithMultipleOccurrencesTest
Command: "C:/Users/krasn/Desktop/OP/lab_11/labwork11-squirtleKKS/cmake-build-debug/tests/ttest.exe" "--gtest_filter=SearcherTest.ComplexQueryWithMultipleOccurrencesTest" "--gtest_also_run_disabled_tests"
Directory: C:/Users/krasn/Desktop/OP/lab_11/labwork11-squirtleKKS/cmake-build-debug/tests
"SearcherTest.ComplexQueryWithMultipleOccurrencesTest" start time: May 16 00:00 RTZ 2 (çèìà)
Output:
----------------------------------------------------------
Running main() from C:/Users/krasn/Desktop/OP/lab_11/labwork11-squirtleKKS/cmake-build-debug/_deps/googletest-src/googletest/src/gtest_main.cc
Note: Google Test filter = SearcherTest.ComplexQueryWithMultipleOccurrencesTest
[==========] Running 1 test from 1 test suite.
[----------] Global test environment set-up.
[----------] 1 test from SearcherTest
[ RUN      ] SearcherTest.ComplexQueryWithMultipleOccurrencesTest
[       OK ] SearcherTest.ComplexQueryWithMultipleOccurrencesTest (2 ms)
[----------] 1 test from SearcherTest (2 ms total)

[----------] Global test environment tear-down
[==========] 1 test from 1 test suite ran. (2 ms total)
[  PASSED  ] 1 test.
<end of output>
Test time =   0.01 sec
----------------------------------------------------------
Test Passed.
"SearcherTest.ComplexQueryWithMultipleOccurrencesTest" end time: May 16 00:00 RTZ 2 (çèìà)
"SearcherTest.ComplexQueryWithMultipleOccurrencesTest" time elapsed: 00:00:00
----------------------------------------------------------

9/9 Testing: SearcherTest.ComplexQueryWithPartialMatchesTest
9/9 Test: SearcherTest.ComplexQueryWithPartialMatchesTest
Command: "C:/Users/krasn/Desktop/OP/lab_11/labwork11-squirtleKKS/cmake-build-debug/tests/ttest.exe" "--gtest_filter=SearcherTest.ComplexQueryWithPartialMatchesTest" "--gtest_also_run_disabled_tests"
Directory: C:/Users/krasn/Desktop/OP/lab_11/labwork11-squirtleKKS/cmake-build-debug/tests
"SearcherTest.ComplexQueryWithPartialMatchesTest" start time: May 16 00:00 RTZ 2 (çèìà)
Output:
----------------------------------------------------------
Running main() from C:/Users/krasn/Desktop/OP/lab_11/labwork11-squirtleKKS/cmake-build-debug/_deps/googletest-src/googletest/src/gtest_main.cc
Note: Google Test filter = SearcherTest.ComplexQueryWithPartialMatchesTest
[==========] Running 1 test from 1 test suite.
[----------] Global test environment set-up.
[----------] 1 test from SearcherTest
[ RUN      ] SearcherTest.ComplexQueryWithPartialMatchesTest
[       OK ] SearcherTest.ComplexQueryWithPartialMatchesTest (2 ms)
[----------] 1 test from SearcherTest (2 ms total)

[----------] Global test environment tear-down
[==========] 1 test from 1 test suite ran. (2 ms total)
[  PASSED  ] 1 test.
<end of output>
Test time =   0.01 sec
----------------------------------------------------------
Test Passed.
"SearcherTest.ComplexQueryWithPartialMatchesTest" end time: May 16 00:00 RTZ 2 (çèìà)
"SearcherTest.ComplexQueryWithPartialMatchesTest" time elapsed: 00:00:00
----------------------------------------------------------

End testing: May 16 00:00 RTZ 2 (çèìà)
